#
# A fatal error has been detected by the Java Runtime Environment:
#
#  EXCEPTION_ACCESS_VIOLATION (0xc0000005) at pc=0x714dbafd, pid=4480, tid=0x0000170c
#
# JRE version: Java(TM) SE Runtime Environment (8.0_101-b13) (build 1.8.0_101-b13)
# Java VM: Java HotSpot(TM) Client VM (25.101-b13 mixed mode windows-x86 )
# Problematic frame:
# V  [jvm.dll+0xcbafd]
#
# Failed to write core dump. Minidumps are not enabled by default on client versions of Windows
#
# If you would like to submit a bug report, please visit:
#   http://bugreport.java.com/bugreport/crash.jsp
#

---------------  T H R E A D  ---------------

Current thread (0x14cacc00):  JavaThread "JDWP Transport Listener: dt_socket" daemon [_thread_in_vm, id=5900, stack(0x155e0000,0x15630000)]

siginfo: ExceptionCode=0xc0000005, reading address 0x6c003b74

Registers:
EAX=0x6c003b74, EBX=0x00000000, ECX=0x6c003b74, EDX=0x00000000
ESP=0x1562f318, EBP=0x1562f31c, ESI=0x14cacc00, EDI=0x002a7070
EIP=0x714dbafd, EFLAGS=0x00010206

Top of Stack: (sp=0x1562f318)
0x1562f318:   14cacc00 1562f344 71639754 6c003b74
0x1562f328:   1562f3fc 1562f37f 14cacc00 00000000
0x1562f338:   00000000 00000000 14cacc00 1562f380
0x1562f348:   73bf9f80 002a7070 6c003b74 1562f37f
0x1562f358:   6c003b74 73be436d 6c003b74 1562f37f
0x1562f368:   00000004 00000000 00000000 00000001
0x1562f378:   00000000 00c4cf68 1562f3a0 73be44e0
0x1562f388:   00000001 1562f3bc 1562f3f8 16548708 

Instructions: (pc=0x714dbafd)
0x714dbadd:   5d c3 52 e8 5b f9 ff ff 5d c3 cc cc cc cc cc cc
0x714dbaed:   cc cc cc 55 8b ec 8b 45 08 85 c0 75 02 5d c3 56
0x714dbafd:   8b 30 85 f6 74 17 83 fe 37 74 12 8b 06 8b 50 08
0x714dbb0d:   8b ce ff d2 84 c0 74 05 8b c6 5e 5d c3 33 c0 5e 


Register to memory mapping:

EAX=0x6c003b74 is an unknown value
EBX=0x00000000 is an unknown value
ECX=0x6c003b74 is an unknown value
EDX=0x00000000 is an unknown value
ESP=0x1562f318 is pointing into the stack for thread: 0x14cacc00
EBP=0x1562f31c is pointing into the stack for thread: 0x14cacc00
ESI=0x14cacc00 is a thread
EDI=0x002a7070 is an unknown value


Stack: [0x155e0000,0x15630000],  sp=0x1562f318,  free space=316k
Native frames: (J=compiled Java code, j=interpreted, Vv=VM code, C=native code)
V  [jvm.dll+0xcbafd]
V  [jvm.dll+0x229754]
C  [jdwp.dll+0x19f80]
C  [jdwp.dll+0x44e0]
C  [jdwp.dll+0x451e]
C  0x6e616c2f


---------------  P R O C E S S  ---------------

Java Threads: ( => current thread )
  0x1653dc00 JavaThread "http-nio-8080-exec-1" daemon [_thread_blocked, id=5104, stack(0x19510000,0x19560000)]
  0x1653d800 JavaThread "DestroyJavaVM" [_thread_blocked, id=6016, stack(0x00830000,0x00880000)]
  0x1653d000 JavaThread "http-nio-8080-Acceptor-0" daemon [_thread_in_native, id=4156, stack(0x192b0000,0x19300000)]
  0x1653cc00 JavaThread "http-nio-8080-ClientPoller-1" daemon [_thread_in_native, id=3796, stack(0x15830000,0x15880000)]
  0x1741a400 JavaThread "http-nio-8080-ClientPoller-0" daemon [_thread_in_native, id=5300, stack(0x19240000,0x19290000)]
  0x173fcc00 JavaThread "NioBlockingSelector.BlockPoller-1" daemon [_thread_in_native, id=4236, stack(0x18f20000,0x18f70000)]
  0x173a0c00 JavaThread "container-0" [_thread_blocked, id=5264, stack(0x18f80000,0x18fd0000)]
  0x173a0400 JavaThread "ContainerBackgroundProcessor[StandardEngine[Tomcat].StandardHost[localhost].StandardContext[]]" daemon [_thread_blocked, id=4208, stack(0x18df0000,0x18e40000)]
  0x16057800 JavaThread "Abandoned connection cleanup thread" daemon [_thread_blocked, id=1016, stack(0x15630000,0x15680000)]
  0x16376400 JavaThread "Tomcat JDBC Pool Cleaner[11840194:1479779316071]" daemon [_thread_blocked, id=3804, stack(0x18280000,0x182d0000)]
  0x14ce1800 JavaThread "Service Thread" daemon [_thread_blocked, id=3904, stack(0x15880000,0x158d0000)]
  0x14cbb000 JavaThread "C1 CompilerThread0" daemon [_thread_blocked, id=3940, stack(0x15770000,0x157c0000)]
  0x14cb3000 JavaThread "JDWP Command Reader" daemon [_thread_in_native, id=4824, stack(0x151c0000,0x15210000)]
  0x14cb1c00 JavaThread "JDWP Event Helper Thread" daemon [_thread_blocked, id=4036, stack(0x15680000,0x156d0000)]
=>0x14cacc00 JavaThread "JDWP Transport Listener: dt_socket" daemon [_thread_in_vm, id=5900, stack(0x155e0000,0x15630000)]
  0x14c99c00 JavaThread "Attach Listener" daemon [_thread_blocked, id=1604, stack(0x14f70000,0x14fc0000)]
  0x14c99000 JavaThread "Signal Dispatcher" daemon [_thread_blocked, id=4636, stack(0x14f20000,0x14f70000)]
  0x14c7ac00 JavaThread "Finalizer" daemon [_thread_blocked, id=2364, stack(0x15010000,0x15060000)]
  0x14c55400 JavaThread "Reference Handler" daemon [_thread_blocked, id=4584, stack(0x14a90000,0x14ae0000)]

Other Threads:
  0x14c4f000 VMThread [stack: 0x14b90000,0x14be0000] [id=4760]
  0x14d04400 WatcherThread [stack: 0x15910000,0x15960000] [id=436]

VM state:not at safepoint (normal execution)

VM Mutex/Monitor currently owned by a thread: None

Heap:
 def new generation   total 15040K, used 11330K [0x04600000, 0x05650000, 0x09b50000)
  eden space 13376K,  72% used [0x04600000, 0x04f70850, 0x05310000)
  from space 1664K, 100% used [0x054b0000, 0x05650000, 0x05650000)
  to   space 1664K,   0% used [0x05310000, 0x05310000, 0x054b0000)
 tenured generation   total 33288K, used 21941K [0x09b50000, 0x0bbd2000, 0x14600000)
   the space 33288K,  65% used [0x09b50000, 0x0b0bd4c8, 0x0b0bd600, 0x0bbd2000)
 Metaspace       used 31262K, capacity 31537K, committed 31616K, reserved 32128K

Card table byte_map: [0x024e0000,0x02570000] byte_map_base: 0x024bd000

Polling page: 0x001c0000

CodeCache: size=32768Kb used=4562Kb max_used=4562Kb free=28205Kb
 bounds [0x025b0000, 0x02a28000, 0x045b0000]
 total_blobs=2448 nmethods=2242 adapters=143
 compilation: enabled

Compilation events (10 events):
Event: 95.962 Thread 0x14cbb000 2299             org.apache.xmlbeans.impl.piccolo.xml.FastNamespaceSupport::popContext (67 bytes)
Event: 95.962 Thread 0x14cbb000 nmethod 2299 0x02a22b48 code [0x02a22c90, 0x02a22ef8]
Event: 95.964 Thread 0x14cbb000 2300             org.apache.xmlbeans.impl.values.XmlObjectBase::get_store (32 bytes)
Event: 95.964 Thread 0x14cbb000 nmethod 2300 0x02a23248 code [0x02a23340, 0x02a23410]
Event: 95.991 Thread 0x14cbb000 2301             org.apache.xmlbeans.impl.store.Xobj::isElem (14 bytes)
Event: 95.992 Thread 0x14cbb000 nmethod 2301 0x02a23488 code [0x02a23580, 0x02a23620]
Event: 99.895 Thread 0x14cbb000 2302             org.h2.value.DataType::getDataType (41 bytes)
Event: 99.896 Thread 0x14cbb000 nmethod 2302 0x02a23688 code [0x02a23820, 0x02a23ca0]
Event: 176.668 Thread 0x14cbb000 2303   !         sun.nio.ch.WindowsSelectorImpl$SubSelector::processFDSet (374 bytes)
Event: 176.674 Thread 0x14cbb000 nmethod 2303 0x02a24308 code [0x02a244c0, 0x02a24cbc]

GC Heap History (10 events):
Event: 9.879 GC heap before
{Heap before GC invocations=88 (full 3):
 def new generation   total 12288K, used 11595K [0x04600000, 0x05350000, 0x09b50000)
  eden space 10944K, 100% used [0x04600000, 0x050b0000, 0x050b0000)
  from space 1344K,  48% used [0x05200000, 0x052a2f28, 0x05350000)
  to   space 1344K,   0% used [0x050b0000, 0x050b0000, 0x05200000)
 tenured generation   total 27168K, used 25631K [0x09b50000, 0x0b5d8000, 0x14600000)
   the space 27168K,  94% used [0x09b50000, 0x0b457d00, 0x0b457e00, 0x0b5d8000)
 Metaspace       used 27160K, capacity 27419K, committed 27520K, reserved 28032K
Event: 9.884 GC heap after
Heap after GC invocations=89 (full 3):
 def new generation   total 12288K, used 891K [0x04600000, 0x05350000, 0x09b50000)
  eden space 10944K,   0% used [0x04600000, 0x04600000, 0x050b0000)
  from space 1344K,  66% used [0x050b0000, 0x0518ed90, 0x05200000)
  to   space 1344K,   0% used [0x05200000, 0x05200000, 0x05350000)
 tenured generation   total 27168K, used 25631K [0x09b50000, 0x0b5d8000, 0x14600000)
   the space 27168K,  94% used [0x09b50000, 0x0b457d00, 0x0b457e00, 0x0b5d8000)
 Metaspace       used 27160K, capacity 27419K, committed 27520K, reserved 28032K
}
Event: 78.669 GC heap before
{Heap before GC invocations=89 (full 3):
 def new generation   total 12288K, used 8521K [0x04600000, 0x05350000, 0x09b50000)
  eden space 10944K,  69% used [0x04600000, 0x04d73a10, 0x050b0000)
  from space 1344K,  66% used [0x050b0000, 0x0518ed90, 0x05200000)
  to   space 1344K,   0% used [0x05200000, 0x05200000, 0x05350000)
 tenured generation   total 27168K, used 25631K [0x09b50000, 0x0b5d8000, 0x14600000)
   the space 27168K,  94% used [0x09b50000, 0x0b457d00, 0x0b457e00, 0x0b5d8000)
 Metaspace       used 27683K, capacity 27936K, committed 27948K, reserved 28032K
Event: 78.761 GC heap after
Heap after GC invocations=90 (full 4):
 def new generation   total 15040K, used 0K [0x04600000, 0x05650000, 0x09b50000)
  eden space 13376K,   0% used [0x04600000, 0x04600000, 0x05310000)
  from space 1664K,   0% used [0x05310000, 0x05310000, 0x054b0000)
  to   space 1664K,   0% used [0x054b0000, 0x054b0000, 0x05650000)
 tenured generation   total 33288K, used 19971K [0x09b50000, 0x0bbd2000, 0x14600000)
   the space 33288K,  59% used [0x09b50000, 0x0aed0d58, 0x0aed0e00, 0x0bbd2000)
 Metaspace       used 27679K, capacity 27931K, committed 27948K, reserved 28032K
}
Event: 86.345 GC heap before
{Heap before GC invocations=90 (full 4):
 def new generation   total 15040K, used 13376K [0x04600000, 0x05650000, 0x09b50000)
  eden space 13376K, 100% used [0x04600000, 0x05310000, 0x05310000)
  from space 1664K,   0% used [0x05310000, 0x05310000, 0x054b0000)
  to   space 1664K,   0% used [0x054b0000, 0x054b0000, 0x05650000)
 tenured generation   total 33288K, used 19971K [0x09b50000, 0x0bbd2000, 0x14600000)
   the space 33288K,  59% used [0x09b50000, 0x0aed0d58, 0x0aed0e00, 0x0bbd2000)
 Metaspace       used 28705K, capacity 28955K, committed 29056K, reserved 29056K
Event: 86.354 GC heap after
Heap after GC invocations=91 (full 4):
 def new generation   total 15040K, used 1664K [0x04600000, 0x05650000, 0x09b50000)
  eden space 13376K,   0% used [0x04600000, 0x04600000, 0x05310000)
  from space 1664K, 100% used [0x054b0000, 0x05650000, 0x05650000)
  to   space 1664K,   0% used [0x05310000, 0x05310000, 0x054b0000)
 tenured generation   total 33288K, used 19976K [0x09b50000, 0x0bbd2000, 0x14600000)
   the space 33288K,  60% used [0x09b50000, 0x0aed2270, 0x0aed2400, 0x0bbd2000)
 Metaspace       used 28705K, capacity 28955K, committed 29056K, reserved 29056K
}
Event: 87.245 GC heap before
{Heap before GC invocations=91 (full 4):
 def new generation   total 15040K, used 15040K [0x04600000, 0x05650000, 0x09b50000)
  eden space 13376K, 100% used [0x04600000, 0x05310000, 0x05310000)
  from space 1664K, 100% used [0x054b0000, 0x05650000, 0x05650000)
  to   space 1664K,   0% used [0x05310000, 0x05310000, 0x054b0000)
 tenured generation   total 33288K, used 19976K [0x09b50000, 0x0bbd2000, 0x14600000)
   the space 33288K,  60% used [0x09b50000, 0x0aed2270, 0x0aed2400, 0x0bbd2000)
 Metaspace       used 29725K, capacity 30011K, committed 30080K, reserved 30080K
Event: 87.251 GC heap after
Heap after GC invocations=92 (full 4):
 def new generation   total 15040K, used 1369K [0x04600000, 0x05650000, 0x09b50000)
  eden space 13376K,   0% used [0x04600000, 0x04600000, 0x05310000)
  from space 1664K,  82% used [0x05310000, 0x054667f8, 0x054b0000)
  to   space 1664K,   0% used [0x054b0000, 0x054b0000, 0x05650000)
 tenured generation   total 33288K, used 20525K [0x09b50000, 0x0bbd2000, 0x14600000)
   the space 33288K,  61% used [0x09b50000, 0x0af5b4b8, 0x0af5b600, 0x0bbd2000)
 Metaspace       used 29725K, capacity 30011K, committed 30080K, reserved 30080K
}
Event: 88.800 GC heap before
{Heap before GC invocations=92 (full 4):
 def new generation   total 15040K, used 14745K [0x04600000, 0x05650000, 0x09b50000)
  eden space 13376K, 100% used [0x04600000, 0x05310000, 0x05310000)
  from space 1664K,  82% used [0x05310000, 0x054667f8, 0x054b0000)
  to   space 1664K,   0% used [0x054b0000, 0x054b0000, 0x05650000)
 tenured generation   total 33288K, used 20525K [0x09b50000, 0x0bbd2000, 0x14600000)
   the space 33288K,  61% used [0x09b50000, 0x0af5b4b8, 0x0af5b600, 0x0bbd2000)
 Metaspace       used 30597K, capacity 30882K, committed 30976K, reserved 31104K
Event: 88.808 GC heap after
Heap after GC invocations=93 (full 4):
 def new generation   total 15040K, used 1664K [0x04600000, 0x05650000, 0x09b50000)
  eden space 13376K,   0% used [0x04600000, 0x04600000, 0x05310000)
  from space 1664K, 100% used [0x054b0000, 0x05650000, 0x05650000)
  to   space 1664K,   0% used [0x05310000, 0x05310000, 0x054b0000)
 tenured generation   total 33288K, used 21941K [0x09b50000, 0x0bbd2000, 0x14600000)
   the space 33288K,  65% used [0x09b50000, 0x0b0bd4c8, 0x0b0bd600, 0x0bbd2000)
 Metaspace       used 30597K, capacity 30882K, committed 30976K, reserved 31104K
}

Deoptimization events (0 events):
No events

Internal exceptions (10 events):
Event: 87.217 Thread 0x1653dc00 Exception <a 'java/security/PrivilegedActionException'> (0x05234750) thrown at [C:\re\workspace\8-2-build-windows-i586-cygwin\jdk8u101\7261\hotspot\src\share\vm\prims\jvm.cpp, line 1386]
Event: 87.217 Thread 0x1653dc00 Exception <a 'java/security/PrivilegedActionException'> (0x05234ef0) thrown at [C:\re\workspace\8-2-build-windows-i586-cygwin\jdk8u101\7261\hotspot\src\share\vm\prims\jvm.cpp, line 1386]
Event: 87.221 Thread 0x1653dc00 Exception <a 'java/security/PrivilegedActionException'> (0x05240aa8) thrown at [C:\re\workspace\8-2-build-windows-i586-cygwin\jdk8u101\7261\hotspot\src\share\vm\prims\jvm.cpp, line 1386]
Event: 87.221 Thread 0x1653dc00 Exception <a 'java/security/PrivilegedActionException'> (0x05241248) thrown at [C:\re\workspace\8-2-build-windows-i586-cygwin\jdk8u101\7261\hotspot\src\share\vm\prims\jvm.cpp, line 1386]
Event: 87.224 Thread 0x1653dc00 Exception <a 'java/security/PrivilegedActionException'> (0x0524d158) thrown at [C:\re\workspace\8-2-build-windows-i586-cygwin\jdk8u101\7261\hotspot\src\share\vm\prims\jvm.cpp, line 1386]
Event: 87.224 Thread 0x1653dc00 Exception <a 'java/security/PrivilegedActionException'> (0x0524d8f8) thrown at [C:\re\workspace\8-2-build-windows-i586-cygwin\jdk8u101\7261\hotspot\src\share\vm\prims\jvm.cpp, line 1386]
Event: 87.227 Thread 0x1653dc00 Exception <a 'java/security/PrivilegedActionException'> (0x05259b08) thrown at [C:\re\workspace\8-2-build-windows-i586-cygwin\jdk8u101\7261\hotspot\src\share\vm\prims\jvm.cpp, line 1386]
Event: 87.227 Thread 0x1653dc00 Exception <a 'java/security/PrivilegedActionException'> (0x0525a2a8) thrown at [C:\re\workspace\8-2-build-windows-i586-cygwin\jdk8u101\7261\hotspot\src\share\vm\prims\jvm.cpp, line 1386]
Event: 89.521 Thread 0x1653dc00 Exception <a 'java/lang/ArrayIndexOutOfBoundsException': 139> (0x04d61cd8) thrown at [C:\re\workspace\8-2-build-windows-i586-cygwin\jdk8u101\7261\hotspot\src\share\vm\interpreter\interpreterRuntime.cpp, line 366]
Event: 89.522 Thread 0x1653dc00 Exception <a 'java/lang/ArrayIndexOutOfBoundsException': 83> (0x04d639d0) thrown at [C:\re\workspace\8-2-build-windows-i586-cygwin\jdk8u101\7261\hotspot\src\share\vm\interpreter\interpreterRuntime.cpp, line 366]

Events (10 events):
Event: 106.444 Executing VM operation: ChangeSingleStep
Event: 106.444 Executing VM operation: ChangeSingleStep done
Event: 106.448 Executing VM operation: ChangeSingleStep
Event: 106.449 Executing VM operation: ChangeSingleStep done
Event: 106.523 Executing VM operation: GetOrSetLocal
Event: 106.523 Executing VM operation: GetOrSetLocal done
Event: 106.724 Executing VM operation: GetOrSetLocal
Event: 106.724 Executing VM operation: GetOrSetLocal done
Event: 213.070 Executing VM operation: RedefineClasses
Event: 213.085 Executing VM operation: RedefineClasses done


Dynamic libraries:
0x010a0000 - 0x010d3000 	C:\Program Files (x86)\Java\jre1.8.0_101\bin\javaw.exe
0x778c0000 - 0x77a40000 	C:\Windows\SysWOW64\ntdll.dll
0x76540000 - 0x76650000 	C:\Windows\syswow64\kernel32.dll
0x76370000 - 0x763b7000 	C:\Windows\syswow64\KERNELBASE.dll
0x76cb0000 - 0x76d50000 	C:\Windows\syswow64\ADVAPI32.dll
0x762b0000 - 0x7635c000 	C:\Windows\syswow64\msvcrt.dll
0x76a90000 - 0x76aa9000 	C:\Windows\SysWOW64\sechost.dll
0x770e0000 - 0x771d0000 	C:\Windows\syswow64\RPCRT4.dll
0x75420000 - 0x75480000 	C:\Windows\syswow64\SspiCli.dll
0x75410000 - 0x7541c000 	C:\Windows\syswow64\CRYPTBASE.dll
0x77290000 - 0x77390000 	C:\Windows\syswow64\USER32.dll
0x76e20000 - 0x76eb0000 	C:\Windows\syswow64\GDI32.dll
0x77890000 - 0x7789a000 	C:\Windows\syswow64\LPK.dll
0x76770000 - 0x7680d000 	C:\Windows\syswow64\USP10.dll
0x72dc0000 - 0x72f5e000 	C:\Windows\WinSxS\x86_microsoft.windows.common-controls_6595b64144ccf1df_6.0.7601.17514_none_41e6975e2bd6f2b2\COMCTL32.dll
0x764e0000 - 0x76537000 	C:\Windows\syswow64\SHLWAPI.dll
0x77420000 - 0x77480000 	C:\Windows\system32\IMM32.DLL
0x76eb0000 - 0x76f7c000 	C:\Windows\syswow64\MSCTF.dll
0x73c10000 - 0x73ccf000 	C:\Program Files (x86)\Java\jre1.8.0_101\bin\msvcr100.dll
0x71410000 - 0x717dc000 	C:\Program Files (x86)\Java\jre1.8.0_101\bin\client\jvm.dll
0x742a0000 - 0x742a7000 	C:\Windows\system32\WSOCK32.dll
0x77480000 - 0x774b5000 	C:\Windows\syswow64\WS2_32.dll
0x760d0000 - 0x760d6000 	C:\Windows\syswow64\NSI.dll
0x74f10000 - 0x74f42000 	C:\Windows\system32\WINMM.dll
0x75340000 - 0x75349000 	C:\Windows\system32\VERSION.dll
0x76e00000 - 0x76e05000 	C:\Windows\syswow64\PSAPI.DLL
0x743e0000 - 0x743ec000 	C:\Program Files (x86)\Java\jre1.8.0_101\bin\verify.dll
0x74220000 - 0x74241000 	C:\Program Files (x86)\Java\jre1.8.0_101\bin\java.dll
0x73be0000 - 0x73c09000 	C:\Program Files (x86)\Java\jre1.8.0_101\bin\jdwp.dll
0x73f10000 - 0x73f17000 	C:\Program Files (x86)\Java\jre1.8.0_101\bin\npt.dll
0x74260000 - 0x74273000 	C:\Program Files (x86)\Java\jre1.8.0_101\bin\zip.dll
0x75480000 - 0x760ca000 	C:\Windows\syswow64\SHELL32.dll
0x76f80000 - 0x770dc000 	C:\Windows\syswow64\ole32.dll
0x75300000 - 0x7530b000 	C:\Windows\system32\profapi.dll
0x73bd0000 - 0x73bd8000 	C:\Program Files (x86)\Java\jre1.8.0_101\bin\dt_socket.dll
0x72c00000 - 0x72c10000 	C:\Windows\system32\NLAapi.dll
0x72be0000 - 0x72bf0000 	C:\Windows\system32\napinsp.dll
0x72bc0000 - 0x72bd2000 	C:\Windows\system32\pnrpnsp.dll
0x74de0000 - 0x74e1c000 	C:\Windows\System32\mswsock.dll
0x73010000 - 0x73054000 	C:\Windows\system32\DNSAPI.dll
0x72bb0000 - 0x72bb8000 	C:\Windows\System32\winrnr.dll
0x750f0000 - 0x7510c000 	C:\Windows\system32\IPHLPAPI.DLL
0x750e0000 - 0x750e7000 	C:\Windows\system32\WINNSI.DLL
0x72b70000 - 0x72ba8000 	C:\Windows\System32\fwpuclnt.dll
0x72b60000 - 0x72b66000 	C:\Windows\system32\rasadhlp.dll
0x14a60000 - 0x14a82000 	C:\Windows\system32\xunyount.dll
0x74e80000 - 0x74e92000 	C:\Windows\system32\dhcpcsvc.DLL
0x72bf0000 - 0x72bf5000 	C:\Windows\System32\wshtcpip.dll
0x73bc0000 - 0x73bca000 	C:\Program Files (x86)\Java\jre1.8.0_101\bin\management.dll
0x74200000 - 0x74216000 	C:\Program Files (x86)\Java\jre1.8.0_101\bin\net.dll
0x71ed0000 - 0x71ed6000 	C:\Windows\System32\wship6.dll
0x741f0000 - 0x741ff000 	C:\Program Files (x86)\Java\jre1.8.0_101\bin\nio.dll
0x72b00000 - 0x72b16000 	C:\Windows\system32\CRYPTSP.dll
0x72ac0000 - 0x72afb000 	C:\Windows\system32\rsaenh.dll
0x75310000 - 0x75327000 	C:\Windows\system32\USERENV.dll
0x72c10000 - 0x72c1d000 	C:\Windows\system32\dhcpcsvc6.DLL
0x73310000 - 0x733fb000 	C:\Windows\system32\dbghelp.dll

VM Arguments:
jvm_args: -agentlib:jdwp=transport=dt_socket,suspend=y,address=localhost:52269 -Dfile.encoding=UTF-8 
java_command: React.h2memory.App
java_class_path (initial): D:\BI30\vbap-data-file\target\classes;D:\Java\maven\repository\org\hamcrest\hamcrest-core\1.3\hamcrest-core-1.3.jar;D:\Java\maven\repository\org\springframework\boot\spring-boot-starter-web\1.3.1.RELEASE\spring-boot-starter-web-1.3.1.RELEASE.jar;D:\Java\maven\repository\org\springframework\boot\spring-boot-starter\1.3.1.RELEASE\spring-boot-starter-1.3.1.RELEASE.jar;D:\Java\maven\repository\org\springframework\boot\spring-boot\1.3.1.RELEASE\spring-boot-1.3.1.RELEASE.jar;D:\Java\maven\repository\org\springframework\boot\spring-boot-autoconfigure\1.3.1.RELEASE\spring-boot-autoconfigure-1.3.1.RELEASE.jar;D:\Java\maven\repository\org\springframework\boot\spring-boot-starter-logging\1.3.1.RELEASE\spring-boot-starter-logging-1.3.1.RELEASE.jar;D:\Java\maven\repository\ch\qos\logback\logback-classic\1.1.3\logback-classic-1.1.3.jar;D:\Java\maven\repository\ch\qos\logback\logback-core\1.1.3\logback-core-1.1.3.jar;D:\Java\maven\repository\org\slf4j\jul-to-slf4j\1.7.13\jul-to-slf4j-1.7.13.jar;D:\Java\maven\repository\org\slf4j\log4j-over-slf4j\1.7.13\log4j-over-slf4j-1.7.13.jar;D:\Java\maven\repository\org\yaml\snakeyaml\1.16\snakeyaml-1.16.jar;D:\Java\maven\repository\org\springframework\boot\spring-boot-starter-tomcat\1.3.1.RELEASE\spring-boot-starter-tomcat-1.3.1.RELEASE.jar;D:\Java\maven\repository\org\apache\tomcat\embed\tomcat-embed-core\8.0.30\tomcat-embed-core-8.0.30.jar;D:\Java\maven\repository\org\apache\tomcat\embed\tomcat-embed-el\8.0.30\tomcat-embed-el-8.0.30.jar;D:\Java\maven\repository\org\apache\tomcat\embed\tomcat-embed-logging-juli\8.0.30\tomcat-embed-logging-juli-8.0.30.jar;D:\Java\maven\repository\org\apache\tomcat\embed\tomcat-embed-websocket\8.0.30\tomcat-embed-websocket-8.0.30.jar;D:\Java\maven\repository\org\springframework\boot\spring-boot-starter-validation\1.3.1.RELEASE\spring-boot-starter-validation-1.3.1.RELEASE.jar;D:\Java\maven\repository\org\hibernate\hibernate-validator\5.2.2.Final\hibernate-validator-5.2.2.Final.jar;
Launcher Type: SUN_STANDARD

Environment Variables:
JAVA_HOME=C:\Program Files (x86)\Java\jdk1.8.0_101
CLASSPATH=.;C:\Program Files (x86)\Java\jdk1.8.0_101\lib\dt.jar;C:\Program Files (x86)\Java\jdk1.8.0_101\lib\tools.jar 
PATH=C:/Program Files (x86)/Java/jre1.8.0_101/bin/client;C:/Program Files (x86)/Java/jre1.8.0_101/bin;C:/Program Files (x86)/Java/jre1.8.0_101/lib/i386;C:\ProgramData\Oracle\Java\javapath;C:\Windows\system32;C:\Windows;C:\Windows\System32\Wbem;C:\Windows\System32\WindowsPowerShell\v1.0\;C:\Program Files (x86)\ATI Technologies\ATI.ACE\Core-Static;C:\Program Files (x86)\Java\jdk1.8.0_101\bin;C:\Program Files (x86)\Java\jdk1.8.0_101\jre\bin;D:\Java\apache-maven-3.1.1\bin;D:\mysql\bin;D:\springboot\bin;C:\Program Files\Git\cmd;C:\Program Files (x86)\SSH Communications Security\SSH Secure Shell;E:\General Softwares\BONC\eclipse32;
USERNAME=Administrator
OS=Windows_NT
PROCESSOR_IDENTIFIER=Intel64 Family 6 Model 42 Stepping 7, GenuineIntel



---------------  S Y S T E M  ---------------

OS: Windows 7 , 64 bit Build 7601 (6.1.7601.18015)

CPU:total 4 (2 cores per cpu, 2 threads per core) family 6 model 42 stepping 7, cmov, cx8, fxsr, mmx, sse, sse2, sse3, ssse3, sse4.1, sse4.2, popcnt, avx, clmul, ht, tsc, tscinvbit

Memory: 4k page, physical 6253364k(3251116k free), swap 12504868k(9320252k free)

vm_info: Java HotSpot(TM) Client VM (25.101-b13) for windows-x86 JRE (1.8.0_101-b13), built on Jun 22 2016 00:45:44 by "java_re" with MS VC++ 10.0 (VS2010)

time: Tue Nov 22 09:52:03 2016
elapsed time: 213 seconds (0d 0h 3m 33s)

